* using log directory 'D:/Dropbox (RWDC)/matsui/mybackup/ISMB2016/package/phyC/phyC.Rcheck'
* using R version 3.2.2 (2015-08-14)
* using platform: x86_64-w64-mingw32 (64-bit)
* using session charset: CP932
* using option '--as-cran'
* checking for file 'phyC/DESCRIPTION' ... OK
* checking extension type ... Package
* this is package 'phyC' version '0.1'
* checking package namespace information ... OK
* checking package dependencies ... OK
* checking if this is a source package ... OK
* checking if there is a namespace ... OK
* checking for executable files ... OK
* checking for hidden files and directories ... OK
* checking for portable file names ... OK
* checking whether package 'phyC' can be installed ... OK
* checking installed package size ... OK
* checking package directory ... OK
* checking DESCRIPTION meta-information ... OK
* checking top-level files ... NOTE
Non-standard file/directory found at top level:
  'LICHeE'
* checking for left-over files ... OK
* checking index information ... OK
* checking package subdirectories ... OK
* checking R files for non-ASCII characters ... OK
* checking R files for syntax errors ... OK
* checking whether the package can be loaded ... OK
* checking whether the package can be loaded with stated dependencies ... OK
* checking whether the package can be unloaded cleanly ... OK
* checking whether the namespace can be loaded with stated dependencies ... OK
* checking whether the namespace can be unloaded cleanly ... OK
* checking loading without being on the library search path ... OK
* checking dependencies in R code ... NOTE
'library' or 'require' calls to packages already attached by Depends:
  'ape' 'igraph'
  Please remove these calls from your code.
Packages in Depends field not imported from:
  'ape' 'ggplot2' 'igraph'
  These packages need to be imported from (in the NAMESPACE file)
  for when this namespace is loaded but not attached.
* checking S3 generic/method consistency ... WARNING
plot:
  function(x, ...)
plot.phyC:
  function(obj, color, label)

See section 'Generic functions and methods' in the 'Writing R
Extensions' manual.
* checking replacement functions ... OK
* checking foreign function calls ... OK
* checking R code for possible problems ... NOTE
create.metaTree: no visible global function definition for 'graph.tree'
create.metaTree: no visible global function definition for
  'get.edgelist'
create.metaTree: no visible global function definition for
  'graph.edgelist'
create.metaTree: no visible global function definition for
  'get.shortest.paths'
depth.max: no visible binding for global variable 'graph.edgelist'
depth.max: no visible global function definition for
  'get.shortest.paths'
diversity: no visible global function definition for 'graph.edgelist'
diversity: no visible binding for global variable 'g.spath'
diversity: no visible binding for global variable 'duver'
meta.regis.tree : <anonymous>: no visible global function definition
  for 'shortest_paths'
phyC: no visible binding for global variable 'edgeLenList'
phyC: no visible binding for global variable 'dendro'
phyC: no visible binding for global variable 'clster'
phyCMD: no visible global function definition for 'brewer.pal'
phyCMD: no visible global function definition for 'plot.phylo'
phyCMD: no visible global function definition for 'tiplabels'
phyCMD: no visible global function definition for 'nodelabels'
phyCMD: no visible binding for global variable 'para'
phyCMD: no visible global function definition for 'ggplot'
phyCMD: no visible global function definition for 'aes'
phyCMD: no visible binding for global variable 'x1'
phyCMD: no visible binding for global variable 'x2'
phyCMD: no visible global function definition for 'geom_point'
phyCMD: no visible global function definition for 'theme'
phyCMD: no visible global function definition for 'element_rect'
phyCMD: no visible global function definition for 'xlim'
phyCMD: no visible global function definition for 'ylim'
phyCMD: no visible global function definition for 'readPNG'
phyCMD: no visible global function definition for 'annotation_raster'
plot.phyC: no visible global function definition for 'brewer.pal'
plot.phyC: no visible global function definition for 'plot.phylo'
plot.phyC: no visible global function definition for 'tiplabels'
plot.phyC: no visible global function definition for 'nodelabels'
resolve.monomulti: no visible global function definition for 'rtree'
resolve.monomulti: no visible global function definition for
  'graph.edgelist'
resolve.monomulti: no visible global function definition for
  'get.shortest.paths'
* checking Rd files ... OK
* checking Rd metadata ... OK
* checking Rd line widths ... OK
* checking Rd cross-references ... OK
* checking for missing documentation entries ... OK
* checking for code/documentation mismatches ... OK
* checking Rd \usage sections ... WARNING
Undocumented arguments in documentation object 'create.meta'
  'depth'

Undocumented arguments in documentation object 'depth.max'
  'trees'

Undocumented arguments in documentation object 'get.index'
  'edge'

Undocumented arguments in documentation object 'get.maxdepth'
  'trees'

Undocumented arguments in documentation object 'lichee2edge'
  'licheeParamIO' 'licheeParamFilter' 'licheeParamPhy'
Documented arguments not in \usage in documentation object 'lichee2edge':
  'licheeparamIO' 'licheeparamFilter' 'licheeparamParamPhy'

Undocumented arguments in documentation object 'meta.regis.tree'
  'meta' 'target'

Undocumented arguments in documentation object 'phyC'
  'edgeLenlist' 'method'
Duplicated \argument entries in documentation object 'phyC':
  'edgeLenList'
Documented arguments not in \usage in documentation object 'phyC':
  'edgeLenList'

Undocumented arguments in documentation object 'phyCMD'
  'img.width' 'img.height'
Documented arguments not in \usage in documentation object 'phyCMD':
  'img.width(/img.height)'

Undocumented arguments in documentation object 'regis'
  'edgelist' 'edgeLenList'

Undocumented arguments in documentation object 'resolve.monomulti'
  'edgelist' 'edgeLenList' 'edge'

Functions with \usage entries need to have the appropriate \alias
entries, and all their arguments documented.
The \usage entries must correspond to syntactically valid R code.
See chapter 'Writing R documentation files' in the 'Writing R
Extensions' manual.
* checking Rd contents ... OK
* checking for unstated dependencies in examples ... OK
* checking examples ... ERROR
Running examples in 'phyC-Ex.R' failed
The error most likely occurred in:

> base::assign(".ptime", proc.time(), pos = "CheckExEnv")
> ### Name: diversity
> ### Title: Evaluating diversity and plot
> ### Aliases: diversity
> 
> ### ** Examples
> 
> library(phyC)
> ##generate edgeList and edgeLenList##
> trees <- c(rmtree(5,3),rmtree(5,4))
> edgeList <- lapply(trees,function(x)x$edge)
> edgeLenList <- lapply(trees,function(x)x$edge.length)
> ##adopting phyC##
> res <- phyC(edgeList,edgeLenList,cluster=2,type='nh')
staring to resolve mono and multifurcations 
creating maximum tree
depth=4 and #leaves=16
starting encoding trees to maximum tree
1 th registration finished
2 th registration finished
3 th registration finished
4 th registration finished
5 th registration finished
6 th registration finished
7 th registration finished
8 th registration finished
9 th registration finished
10 th registration finished
non-hierarchical clustering> div <- diversity(res)
Error: object 'g.spath' not found
Execution halted
* checking PDF version of manual ... OK
* DONE
Status: 1 ERROR, 2 WARNINGs, 3 NOTEs
