Hmm ... looks like a package
This is pdfTeX, Version 3.14159265-2.6-1.40.15 (TeX Live 2014/W32TeX) (preloaded format=pdflatex)
 restricted \write18 enabled.
entering extended mode
(./Rd2.tex
LaTeX2e <2014/05/01>
Babel <3.9l> and hyphenation patterns for 79 languages loaded.

(c:/texlive/2014/texmf-dist/tex/latex/base/book.cls
Document Class: book 2014/09/29 v1.4h Standard LaTeX document class
(c:/texlive/2014/texmf-dist/tex/latex/base/bk10.clo))
(c:/PROGRA~1/R/R-32~1.2/share/texmf/tex/latex/Rd.sty
(c:/texlive/2014/texmf-dist/tex/latex/base/ifthen.sty)
(c:/texlive/2014/texmf-dist/tex/latex/tools/longtable.sty)
(c:/texlive/2014/texmf-dist/tex/latex/tools/bm.sty)
(c:/texlive/2014/texmf-dist/tex/latex/base/alltt.sty)
(c:/texlive/2014/texmf-dist/tex/latex/tools/verbatim.sty)
(c:/texlive/2014/texmf-dist/tex/latex/url/url.sty)
(c:/texlive/2014/texmf-dist/tex/latex/base/textcomp.sty
(c:/texlive/2014/texmf-dist/tex/latex/base/ts1enc.def))
(c:/texlive/2014/texmf-dist/tex/latex/base/fontenc.sty
(c:/texlive/2014/texmf-dist/tex/latex/base/t1enc.def))
(c:/texlive/2014/texmf-dist/tex/latex/psnfss/times.sty)
(c:/texlive/2014/texmf-dist/tex/latex/inconsolata/zi4.sty
`inconsolata-zi4' v1.05, 2014/06/22 Text macros for Inconsolata (msharpe)
(c:/texlive/2014/texmf-dist/tex/latex/graphics/keyval.sty))
(c:/texlive/2014/texmf-dist/tex/latex/graphics/color.sty
(c:/texlive/2014/texmf-dist/tex/latex/latexconfig/color.cfg)
(c:/texlive/2014/texmf-dist/tex/latex/pdftex-def/pdftex.def
(c:/texlive/2014/texmf-dist/tex/generic/oberdiek/infwarerr.sty)
(c:/texlive/2014/texmf-dist/tex/generic/oberdiek/ltxcmds.sty)))
(c:/texlive/2014/texmf-dist/tex/latex/hyperref/hyperref.sty
(c:/texlive/2014/texmf-dist/tex/generic/oberdiek/hobsub-hyperref.sty
(c:/texlive/2014/texmf-dist/tex/generic/oberdiek/hobsub-generic.sty))
(c:/texlive/2014/texmf-dist/tex/generic/ifxetex/ifxetex.sty)
(c:/texlive/2014/texmf-dist/tex/latex/oberdiek/auxhook.sty)
(c:/texlive/2014/texmf-dist/tex/latex/oberdiek/kvoptions.sty)
(c:/texlive/2014/texmf-dist/tex/latex/hyperref/pd1enc.def)
(c:/texlive/2014/texmf-dist/tex/latex/latexconfig/hyperref.cfg))

Package hyperref Message: Driver (autodetected): hpdftex.

(c:/texlive/2014/texmf-dist/tex/latex/hyperref/hpdftex.def
(c:/texlive/2014/texmf-dist/tex/latex/oberdiek/rerunfilecheck.sty))

Package hyperref Warning: Option `hyperindex' has already been used,
(hyperref)                setting the option has no effect on input line 366.


Package hyperref Warning: Option `pagebackref' has already been used,
(hyperref)                setting the option has no effect on input line 366.

) (c:/texlive/2014/texmf-dist/tex/latex/base/makeidx.sty)
(c:/texlive/2014/texmf-dist/tex/latex/base/inputenc.sty
(c:/texlive/2014/texmf-dist/tex/latex/base/utf8.def
(c:/texlive/2014/texmf-dist/tex/latex/base/t1enc.dfu)
(c:/texlive/2014/texmf-dist/tex/latex/base/ot1enc.dfu)
(c:/texlive/2014/texmf-dist/tex/latex/base/omsenc.dfu)
(c:/texlive/2014/texmf-dist/tex/latex/base/ts1enc.dfu))
(c:/texlive/2014/texmf-dist/tex/latex/base/latin1.def))
Writing index file Rd2.idx
No file Rd2.aux.
(c:/texlive/2014/texmf-dist/tex/latex/base/ts1cmr.fd)
(c:/texlive/2014/texmf-dist/tex/latex/psnfss/t1ptm.fd)
(c:/texlive/2014/texmf-dist/tex/context/base/supp-pdf.mkii
[Loading MPS to PDF converter (version 2006.09.02).]
) (c:/texlive/2014/texmf-dist/tex/latex/hyperref/nameref.sty
(c:/texlive/2014/texmf-dist/tex/generic/oberdiek/gettitlestring.sty))
(c:/texlive/2014/texmf-dist/tex/latex/inconsolata/t1zi4.fd)
(c:/texlive/2014/texmf-dist/tex/latex/psnfss/ts1ptm.fd)
(c:/texlive/2014/texmf-dist/tex/latex/psnfss/t1phv.fd)
(c:/texlive/2014/texmf-dist/tex/latex/base/utf8.def)
(c:/texlive/2014/texmf-dist/tex/latex/base/utf8.def) [1{c:/texlive/2014/texmf-v
ar/fonts/map/pdftex/updmap/pdftex.map}]
(c:/texlive/2014/texmf-dist/tex/latex/base/utf8.def)
(c:/texlive/2014/texmf-dist/tex/latex/inconsolata/ts1zi4.fd)
(c:/texlive/2014/texmf-dist/tex/latex/base/utf8.def) [2]
(c:/texlive/2014/texmf-dist/tex/latex/base/utf8.def)
(c:/texlive/2014/texmf-dist/tex/latex/base/utf8.def)
Overfull \hbox (74.8667pt too wide) in paragraph at lines 158--159
[]\T1/ptm/m/n/10 Matrix of vari-ant al-lele fre-quency. For more de-tail of dat
a for-mat, see http://viq854.github.io/lichee/ 

Overfull \hbox (15.60721pt too wide) in paragraph at lines 160--161
[]\T1/ptm/m/n/10 List of in-put/output and dis-play op-tions.For de-tail see ht
tp://viq854.github.io/lichee/.

Overfull \hbox (41.48611pt too wide) in paragraph at lines 162--163
[]\T1/ptm/m/n/10 List of SSNV fil-ter-ing and call-ing pa-ram-e-ters. For de-ta
il see http://viq854.github.io/lichee/.

Overfull \hbox (0.9476pt too wide) in paragraph at lines 162--163
\T1/ptm/m/n/10 You can set the pa-ram-e-ters of (ab-sent,present,maxVAFValid,mi
nProfileSupport). 

Overfull \hbox (106.69603pt too wide) in paragraph at lines 164--165
\T1/ptm/m/n/10 Size,minPrivateClusterSize,minRobustNodeSupport,maxClusterDist,c
ompleteNetwork,e,nTreeQPCheck). 
[3] (c:/texlive/2014/texmf-dist/tex/latex/base/utf8.def)
(c:/texlive/2014/texmf-dist/tex/latex/base/utf8.def) [4]
(c:/texlive/2014/texmf-dist/tex/latex/base/utf8.def) [5]
(c:/texlive/2014/texmf-dist/tex/latex/base/utf8.def) [6]
(c:/texlive/2014/texmf-dist/tex/latex/base/utf8.def)
(c:/texlive/2014/texmf-dist/tex/latex/base/utf8.def) [7]
No file Rd2.ind.
[8] (./Rd2.aux)

Package rerunfilecheck Warning: File `Rd2.out' has changed.
(rerunfilecheck)                Rerun to get outlines right
(rerunfilecheck)                or use package `bookmark'.

 )
(see the transcript file for additional information){c:/texlive/2014/texmf-dist
/fonts/enc/dvips/inconsolata/i4-ts1.enc}{c:/texlive/2014/texmf-dist/fonts/enc/d
vips/base/8r.enc}{c:/texlive/2014/texmf-dist/fonts/enc/dvips/inconsolata/i4-t1-
0.enc}<c:/texlive/2014/texmf-dist/fonts/type1/public/inconsolata/Inconsolata-zi
4r.pfb><c:/texlive/2014/texmf-dist/fonts/type1/urw/helvetic/uhvr8a.pfb><c:/texl
ive/2014/texmf-dist/fonts/type1/urw/times/utmb8a.pfb><c:/texlive/2014/texmf-dis
t/fonts/type1/urw/times/utmr8a.pfb><c:/texlive/2014/texmf-dist/fonts/type1/urw/
times/utmr8a.pfb><c:/texlive/2014/texmf-dist/fonts/type1/urw/times/utmri8a.pfb>

Output written on Rd2.pdf (8 pages, 77262 bytes).
Transcript written on Rd2.log.
This is makeindex, version 2.15 [TeX Live 2010] (kpathsea + Thai support).
Scanning input file Rd2.idx....done (14 entries accepted, 0 rejected).
Sorting entries....done (46 comparisons).
Generating output file Rd2.ind....done (38 lines written, 0 warnings).
Output written in Rd2.ind.
Transcript written in Rd2.ilg.
This is pdfTeX, Version 3.14159265-2.6-1.40.15 (TeX Live 2014/W32TeX) (preloaded format=pdflatex)
 restricted \write18 enabled.
entering extended mode
(./Rd2.tex
LaTeX2e <2014/05/01>
Babel <3.9l> and hyphenation patterns for 79 languages loaded.

(c:/texlive/2014/texmf-dist/tex/latex/base/book.cls
Document Class: book 2014/09/29 v1.4h Standard LaTeX document class
(c:/texlive/2014/texmf-dist/tex/latex/base/bk10.clo))
(c:/PROGRA~1/R/R-32~1.2/share/texmf/tex/latex/Rd.sty
(c:/texlive/2014/texmf-dist/tex/latex/base/ifthen.sty)
(c:/texlive/2014/texmf-dist/tex/latex/tools/longtable.sty)
(c:/texlive/2014/texmf-dist/tex/latex/tools/bm.sty)
(c:/texlive/2014/texmf-dist/tex/latex/base/alltt.sty)
(c:/texlive/2014/texmf-dist/tex/latex/tools/verbatim.sty)
(c:/texlive/2014/texmf-dist/tex/latex/url/url.sty)
(c:/texlive/2014/texmf-dist/tex/latex/base/textcomp.sty
(c:/texlive/2014/texmf-dist/tex/latex/base/ts1enc.def))
(c:/texlive/2014/texmf-dist/tex/latex/base/fontenc.sty
(c:/texlive/2014/texmf-dist/tex/latex/base/t1enc.def))
(c:/texlive/2014/texmf-dist/tex/latex/psnfss/times.sty)
(c:/texlive/2014/texmf-dist/tex/latex/inconsolata/zi4.sty
`inconsolata-zi4' v1.05, 2014/06/22 Text macros for Inconsolata (msharpe)
(c:/texlive/2014/texmf-dist/tex/latex/graphics/keyval.sty))
(c:/texlive/2014/texmf-dist/tex/latex/graphics/color.sty
(c:/texlive/2014/texmf-dist/tex/latex/latexconfig/color.cfg)
(c:/texlive/2014/texmf-dist/tex/latex/pdftex-def/pdftex.def
(c:/texlive/2014/texmf-dist/tex/generic/oberdiek/infwarerr.sty)
(c:/texlive/2014/texmf-dist/tex/generic/oberdiek/ltxcmds.sty)))
(c:/texlive/2014/texmf-dist/tex/latex/hyperref/hyperref.sty
(c:/texlive/2014/texmf-dist/tex/generic/oberdiek/hobsub-hyperref.sty
(c:/texlive/2014/texmf-dist/tex/generic/oberdiek/hobsub-generic.sty))
(c:/texlive/2014/texmf-dist/tex/generic/ifxetex/ifxetex.sty)
(c:/texlive/2014/texmf-dist/tex/latex/oberdiek/auxhook.sty)
(c:/texlive/2014/texmf-dist/tex/latex/oberdiek/kvoptions.sty)
(c:/texlive/2014/texmf-dist/tex/latex/hyperref/pd1enc.def)
(c:/texlive/2014/texmf-dist/tex/latex/latexconfig/hyperref.cfg))

Package hyperref Message: Driver (autodetected): hpdftex.

(c:/texlive/2014/texmf-dist/tex/latex/hyperref/hpdftex.def
(c:/texlive/2014/texmf-dist/tex/latex/oberdiek/rerunfilecheck.sty))

Package hyperref Warning: Option `hyperindex' has already been used,
(hyperref)                setting the option has no effect on input line 366.


Package hyperref Warning: Option `pagebackref' has already been used,
(hyperref)                setting the option has no effect on input line 366.

) (c:/texlive/2014/texmf-dist/tex/latex/base/makeidx.sty)
(c:/texlive/2014/texmf-dist/tex/latex/base/inputenc.sty
(c:/texlive/2014/texmf-dist/tex/latex/base/utf8.def
(c:/texlive/2014/texmf-dist/tex/latex/base/t1enc.dfu)
(c:/texlive/2014/texmf-dist/tex/latex/base/ot1enc.dfu)
(c:/texlive/2014/texmf-dist/tex/latex/base/omsenc.dfu)
(c:/texlive/2014/texmf-dist/tex/latex/base/ts1enc.dfu))
(c:/texlive/2014/texmf-dist/tex/latex/base/latin1.def))
Writing index file Rd2.idx
(./Rd2.aux) (c:/texlive/2014/texmf-dist/tex/latex/base/ts1cmr.fd)
(c:/texlive/2014/texmf-dist/tex/latex/psnfss/t1ptm.fd)
(c:/texlive/2014/texmf-dist/tex/context/base/supp-pdf.mkii
[Loading MPS to PDF converter (version 2006.09.02).]
) (c:/texlive/2014/texmf-dist/tex/latex/hyperref/nameref.sty
(c:/texlive/2014/texmf-dist/tex/generic/oberdiek/gettitlestring.sty))
(./Rd2.out) (./Rd2.out)
(c:/texlive/2014/texmf-dist/tex/latex/inconsolata/t1zi4.fd)
(c:/texlive/2014/texmf-dist/tex/latex/psnfss/ts1ptm.fd)
(c:/texlive/2014/texmf-dist/tex/latex/psnfss/t1phv.fd) (./Rd2.toc)
(c:/texlive/2014/texmf-dist/tex/latex/base/utf8.def) [1{c:/texlive/2014/texmf-v
ar/fonts/map/pdftex/updmap/pdftex.map}]
(c:/texlive/2014/texmf-dist/tex/latex/base/utf8.def)
(c:/texlive/2014/texmf-dist/tex/latex/base/utf8.def) [2]
(c:/texlive/2014/texmf-dist/tex/latex/inconsolata/ts1zi4.fd)
(c:/texlive/2014/texmf-dist/tex/latex/base/utf8.def)
(c:/texlive/2014/texmf-dist/tex/latex/base/utf8.def)
(c:/texlive/2014/texmf-dist/tex/latex/base/utf8.def) [3]
Overfull \hbox (74.8667pt too wide) in paragraph at lines 158--159
[]\T1/ptm/m/n/10 Matrix of vari-ant al-lele fre-quency. For more de-tail of dat
a for-mat, see http://viq854.github.io/lichee/ 

Overfull \hbox (15.60721pt too wide) in paragraph at lines 160--161
[]\T1/ptm/m/n/10 List of in-put/output and dis-play op-tions.For de-tail see ht
tp://viq854.github.io/lichee/.

Overfull \hbox (41.48611pt too wide) in paragraph at lines 162--163
[]\T1/ptm/m/n/10 List of SSNV fil-ter-ing and call-ing pa-ram-e-ters. For de-ta
il see http://viq854.github.io/lichee/.

Overfull \hbox (0.9476pt too wide) in paragraph at lines 162--163
\T1/ptm/m/n/10 You can set the pa-ram-e-ters of (ab-sent,present,maxVAFValid,mi
nProfileSupport). 

Overfull \hbox (106.69603pt too wide) in paragraph at lines 164--165
\T1/ptm/m/n/10 Size,minPrivateClusterSize,minRobustNodeSupport,maxClusterDist,c
ompleteNetwork,e,nTreeQPCheck). 
(c:/texlive/2014/texmf-dist/tex/latex/base/utf8.def)
(c:/texlive/2014/texmf-dist/tex/latex/base/utf8.def) [4]
(c:/texlive/2014/texmf-dist/tex/latex/base/utf8.def) [5]
(c:/texlive/2014/texmf-dist/tex/latex/base/utf8.def) [6]
(c:/texlive/2014/texmf-dist/tex/latex/base/utf8.def)
(c:/texlive/2014/texmf-dist/tex/latex/base/utf8.def) [7] (./Rd2.ind [8]

LaTeX Font Warning: Font shape `T1/zi4/m/it' undefined
(Font)              using `T1/zi4/m/n' instead on input line 4.

[9]) (./Rd2.aux)

Package rerunfilecheck Warning: File `Rd2.out' has changed.
(rerunfilecheck)                Rerun to get outlines right
(rerunfilecheck)                or use package `bookmark'.


LaTeX Font Warning: Some font shapes were not available, defaults substituted.

 )
(see the transcript file for additional information){c:/texlive/2014/texmf-dist
/fonts/enc/dvips/inconsolata/i4-ts1.enc}{c:/texlive/2014/texmf-dist/fonts/enc/d
vips/base/8r.enc}{c:/texlive/2014/texmf-dist/fonts/enc/dvips/inconsolata/i4-t1-
0.enc}<c:/texlive/2014/texmf-dist/fonts/type1/public/inconsolata/Inconsolata-zi
4r.pfb><c:/texlive/2014/texmf-dist/fonts/type1/urw/helvetic/uhvr8a.pfb><c:/texl
ive/2014/texmf-dist/fonts/type1/urw/times/utmb8a.pfb><c:/texlive/2014/texmf-dis
t/fonts/type1/urw/times/utmr8a.pfb><c:/texlive/2014/texmf-dist/fonts/type1/urw/
times/utmr8a.pfb><c:/texlive/2014/texmf-dist/fonts/type1/urw/times/utmri8a.pfb>

Output written on Rd2.pdf (9 pages, 80242 bytes).
Transcript written on Rd2.log.
This is makeindex, version 2.15 [TeX Live 2010] (kpathsea + Thai support).
Scanning input file Rd2.idx....done (14 entries accepted, 0 rejected).
Sorting entries....done (46 comparisons).
Generating output file Rd2.ind....done (38 lines written, 0 warnings).
Output written in Rd2.ind.
Transcript written in Rd2.ilg.
This is pdfTeX, Version 3.14159265-2.6-1.40.15 (TeX Live 2014/W32TeX) (preloaded format=pdflatex)
 restricted \write18 enabled.
entering extended mode
(./Rd2.tex
LaTeX2e <2014/05/01>
Babel <3.9l> and hyphenation patterns for 79 languages loaded.

(c:/texlive/2014/texmf-dist/tex/latex/base/book.cls
Document Class: book 2014/09/29 v1.4h Standard LaTeX document class
(c:/texlive/2014/texmf-dist/tex/latex/base/bk10.clo))
(c:/PROGRA~1/R/R-32~1.2/share/texmf/tex/latex/Rd.sty
(c:/texlive/2014/texmf-dist/tex/latex/base/ifthen.sty)
(c:/texlive/2014/texmf-dist/tex/latex/tools/longtable.sty)
(c:/texlive/2014/texmf-dist/tex/latex/tools/bm.sty)
(c:/texlive/2014/texmf-dist/tex/latex/base/alltt.sty)
(c:/texlive/2014/texmf-dist/tex/latex/tools/verbatim.sty)
(c:/texlive/2014/texmf-dist/tex/latex/url/url.sty)
(c:/texlive/2014/texmf-dist/tex/latex/base/textcomp.sty
(c:/texlive/2014/texmf-dist/tex/latex/base/ts1enc.def))
(c:/texlive/2014/texmf-dist/tex/latex/base/fontenc.sty
(c:/texlive/2014/texmf-dist/tex/latex/base/t1enc.def))
(c:/texlive/2014/texmf-dist/tex/latex/psnfss/times.sty)
(c:/texlive/2014/texmf-dist/tex/latex/inconsolata/zi4.sty
`inconsolata-zi4' v1.05, 2014/06/22 Text macros for Inconsolata (msharpe)
(c:/texlive/2014/texmf-dist/tex/latex/graphics/keyval.sty))
(c:/texlive/2014/texmf-dist/tex/latex/graphics/color.sty
(c:/texlive/2014/texmf-dist/tex/latex/latexconfig/color.cfg)
(c:/texlive/2014/texmf-dist/tex/latex/pdftex-def/pdftex.def
(c:/texlive/2014/texmf-dist/tex/generic/oberdiek/infwarerr.sty)
(c:/texlive/2014/texmf-dist/tex/generic/oberdiek/ltxcmds.sty)))
(c:/texlive/2014/texmf-dist/tex/latex/hyperref/hyperref.sty
(c:/texlive/2014/texmf-dist/tex/generic/oberdiek/hobsub-hyperref.sty
(c:/texlive/2014/texmf-dist/tex/generic/oberdiek/hobsub-generic.sty))
(c:/texlive/2014/texmf-dist/tex/generic/ifxetex/ifxetex.sty)
(c:/texlive/2014/texmf-dist/tex/latex/oberdiek/auxhook.sty)
(c:/texlive/2014/texmf-dist/tex/latex/oberdiek/kvoptions.sty)
(c:/texlive/2014/texmf-dist/tex/latex/hyperref/pd1enc.def)
(c:/texlive/2014/texmf-dist/tex/latex/latexconfig/hyperref.cfg))

Package hyperref Message: Driver (autodetected): hpdftex.

(c:/texlive/2014/texmf-dist/tex/latex/hyperref/hpdftex.def
(c:/texlive/2014/texmf-dist/tex/latex/oberdiek/rerunfilecheck.sty))

Package hyperref Warning: Option `hyperindex' has already been used,
(hyperref)                setting the option has no effect on input line 366.


Package hyperref Warning: Option `pagebackref' has already been used,
(hyperref)                setting the option has no effect on input line 366.

) (c:/texlive/2014/texmf-dist/tex/latex/base/makeidx.sty)
(c:/texlive/2014/texmf-dist/tex/latex/base/inputenc.sty
(c:/texlive/2014/texmf-dist/tex/latex/base/utf8.def
(c:/texlive/2014/texmf-dist/tex/latex/base/t1enc.dfu)
(c:/texlive/2014/texmf-dist/tex/latex/base/ot1enc.dfu)
(c:/texlive/2014/texmf-dist/tex/latex/base/omsenc.dfu)
(c:/texlive/2014/texmf-dist/tex/latex/base/ts1enc.dfu))
(c:/texlive/2014/texmf-dist/tex/latex/base/latin1.def))
Writing index file Rd2.idx
(./Rd2.aux) (c:/texlive/2014/texmf-dist/tex/latex/base/ts1cmr.fd)
(c:/texlive/2014/texmf-dist/tex/latex/psnfss/t1ptm.fd)
(c:/texlive/2014/texmf-dist/tex/context/base/supp-pdf.mkii
[Loading MPS to PDF converter (version 2006.09.02).]
) (c:/texlive/2014/texmf-dist/tex/latex/hyperref/nameref.sty
(c:/texlive/2014/texmf-dist/tex/generic/oberdiek/gettitlestring.sty))
(./Rd2.out) (./Rd2.out)
(c:/texlive/2014/texmf-dist/tex/latex/inconsolata/t1zi4.fd)
(c:/texlive/2014/texmf-dist/tex/latex/psnfss/ts1ptm.fd)
(c:/texlive/2014/texmf-dist/tex/latex/psnfss/t1phv.fd) (./Rd2.toc)
(c:/texlive/2014/texmf-dist/tex/latex/base/utf8.def) [1{c:/texlive/2014/texmf-v
ar/fonts/map/pdftex/updmap/pdftex.map}]
(c:/texlive/2014/texmf-dist/tex/latex/base/utf8.def)
(c:/texlive/2014/texmf-dist/tex/latex/base/utf8.def) [2]
(c:/texlive/2014/texmf-dist/tex/latex/inconsolata/ts1zi4.fd)
(c:/texlive/2014/texmf-dist/tex/latex/base/utf8.def)
(c:/texlive/2014/texmf-dist/tex/latex/base/utf8.def)
(c:/texlive/2014/texmf-dist/tex/latex/base/utf8.def) [3]
Overfull \hbox (74.8667pt too wide) in paragraph at lines 158--159
[]\T1/ptm/m/n/10 Matrix of vari-ant al-lele fre-quency. For more de-tail of dat
a for-mat, see http://viq854.github.io/lichee/ 

Overfull \hbox (15.60721pt too wide) in paragraph at lines 160--161
[]\T1/ptm/m/n/10 List of in-put/output and dis-play op-tions.For de-tail see ht
tp://viq854.github.io/lichee/.

Overfull \hbox (41.48611pt too wide) in paragraph at lines 162--163
[]\T1/ptm/m/n/10 List of SSNV fil-ter-ing and call-ing pa-ram-e-ters. For de-ta
il see http://viq854.github.io/lichee/.

Overfull \hbox (0.9476pt too wide) in paragraph at lines 162--163
\T1/ptm/m/n/10 You can set the pa-ram-e-ters of (ab-sent,present,maxVAFValid,mi
nProfileSupport). 

Overfull \hbox (106.69603pt too wide) in paragraph at lines 164--165
\T1/ptm/m/n/10 Size,minPrivateClusterSize,minRobustNodeSupport,maxClusterDist,c
ompleteNetwork,e,nTreeQPCheck). 
(c:/texlive/2014/texmf-dist/tex/latex/base/utf8.def)
(c:/texlive/2014/texmf-dist/tex/latex/base/utf8.def) [4]
(c:/texlive/2014/texmf-dist/tex/latex/base/utf8.def) [5]
(c:/texlive/2014/texmf-dist/tex/latex/base/utf8.def) [6]
(c:/texlive/2014/texmf-dist/tex/latex/base/utf8.def)
(c:/texlive/2014/texmf-dist/tex/latex/base/utf8.def) [7] (./Rd2.ind [8]

LaTeX Font Warning: Font shape `T1/zi4/m/it' undefined
(Font)              using `T1/zi4/m/n' instead on input line 4.

[9]) (./Rd2.aux)

LaTeX Font Warning: Some font shapes were not available, defaults substituted.

 )
(see the transcript file for additional information){c:/texlive/2014/texmf-dist
/fonts/enc/dvips/inconsolata/i4-ts1.enc}{c:/texlive/2014/texmf-dist/fonts/enc/d
vips/base/8r.enc}{c:/texlive/2014/texmf-dist/fonts/enc/dvips/inconsolata/i4-t1-
0.enc}<c:/texlive/2014/texmf-dist/fonts/type1/public/inconsolata/Inconsolata-zi
4r.pfb><c:/texlive/2014/texmf-dist/fonts/type1/urw/helvetic/uhvr8a.pfb><c:/texl
ive/2014/texmf-dist/fonts/type1/urw/times/utmb8a.pfb><c:/texlive/2014/texmf-dis
t/fonts/type1/urw/times/utmr8a.pfb><c:/texlive/2014/texmf-dist/fonts/type1/urw/
times/utmr8a.pfb><c:/texlive/2014/texmf-dist/fonts/type1/urw/times/utmri8a.pfb>

Output written on Rd2.pdf (9 pages, 80459 bytes).
Transcript written on Rd2.log.
Saving output to 'phyC-manual.pdf' ...
Done
You may want to clean up by 'rm -rf C:/Users/SYSBIO~1/AppData/Local/Temp/RtmpIxZKbe/Rd2pdf1d304fe41afe'
